<?xml version="1.0" encoding="UTF-8"?>
<testsuite xmlns:xsi="http://www.w3.org/2001/XMLSchema-instance" xsi:noNamespaceSchemaLocation="https://maven.apache.org/surefire/maven-surefire-plugin/xsd/surefire-test-report.xsd" name="zk.zookeeperTest" time="64.745" tests="1" errors="1" skipped="0" failures="0">
  <properties>
[...]
</properties>
  <testcase name="testCreateNode" classname="zk.zookeeperTest" time="64.606">
    <error message="Unable to connect to zookeeper server &apos;192.168.42.132:2181,192.168.42.132:2182,192.168.42.132:2183&apos; with timeout of 60000 ms" type="org.I0Itec.zkclient.exception.ZkTimeoutException">org.I0Itec.zkclient.exception.ZkTimeoutException: Unable to connect to zookeeper server '192.168.42.132:2181,192.168.42.132:2182,192.168.42.132:2183' with timeout of 60000 ms
	at zk.zookeeperTest.testCreateNode(zookeeperTest.java:33)
</error>
    <system-err><![CDATA[log4j:WARN No appenders could be found for logger (org.I0Itec.zkclient.ZkConnection).
log4j:WARN Please initialize the log4j system properly.
log4j:WARN See http://logging.apache.org/log4j/1.2/faq.html#noconfig for more info.
log4j:WARN No appenders could be found for logger (org.I0Itec.zkclient.ZkEventThread).
log4j:WARN Please initialize the log4j system properly.
log4j:WARN See http://logging.apache.org/log4j/1.2/faq.html#noconfig for more info.
]]></system-err>
  </testcase>
</testsuite>